[ 2016-08-11T09:16:35+08:00 ] 127.0.0.1 /thinkphp/index.php?_ijt=48irbgr3g571t7sfqatfn7c4lv
INFO: [ app_init ] --START--
INFO: Run Behavior\BuildLiteBehavior [ RunTime:0.000010s ]
INFO: [ app_init ] --END-- [ RunTime:0.000450s ]
INFO: [ app_begin ] --START--
INFO: Run Behavior\ReadHtmlCacheBehavior [ RunTime:0.000483s ]
INFO: [ app_begin ] --END-- [ RunTime:0.000512s ]
INFO: [ view_parse ] --START--
INFO: Run Behavior\ParseTemplateBehavior [ RunTime:0.000329s ]
INFO: [ view_parse ] --END-- [ RunTime:0.000370s ]
INFO: [ view_filter ] --START--
INFO: Run Behavior\WriteHtmlCacheBehavior [ RunTime:0.000309s ]
INFO: [ view_filter ] --END-- [ RunTime:0.000344s ]
ERR: 1146:Table 'MyGame.user' doesn't exist
 [ SQL语句 ] : SHOW COLUMNS FROM `user`
ERR: 1146:Table 'MyGame.user' doesn't exist
 [ SQL语句 ] : SHOW COLUMNS FROM `user`

[ 2016-08-11T09:21:27+08:00 ] 127.0.0.1 /thinkphp/index.php?_ijt=5ivt6gvuuuh7vdckja193bskqa
INFO: [ app_init ] --START--
INFO: Run Behavior\BuildLiteBehavior [ RunTime:0.000008s ]
INFO: [ app_init ] --END-- [ RunTime:0.000479s ]
INFO: [ app_begin ] --START--
INFO: Run Behavior\ReadHtmlCacheBehavior [ RunTime:0.000507s ]
INFO: [ app_begin ] --END-- [ RunTime:0.000542s ]
INFO: [ view_parse ] --START--
INFO: Run Behavior\ParseTemplateBehavior [ RunTime:0.000877s ]
INFO: [ view_parse ] --END-- [ RunTime:0.000915s ]
INFO: [ view_filter ] --START--
INFO: Run Behavior\WriteHtmlCacheBehavior [ RunTime:0.016507s ]
INFO: [ view_filter ] --END-- [ RunTime:0.016530s ]
SQL: SHOW COLUMNS FROM `game_user` [ RunTime:0.0139s ]
SQL: SELECT * FROM `game_user`  [ RunTime:0.0015s ]
INFO: [ app_end ] --START--
INFO: Run Behavior\ShowPageTraceBehavior [ RunTime:0.011504s ]
INFO: [ app_end ] --END-- [ RunTime:0.011532s ]

[ 2016-08-11T09:22:02+08:00 ] 127.0.0.1 /thinkphp/index.php?_ijt=5ivt6gvuuuh7vdckja193bskqa
INFO: [ app_init ] --START--
INFO: Run Behavior\BuildLiteBehavior [ RunTime:0.000006s ]
INFO: [ app_init ] --END-- [ RunTime:0.000164s ]
INFO: [ app_begin ] --START--
INFO: Run Behavior\ReadHtmlCacheBehavior [ RunTime:0.000201s ]
INFO: [ app_begin ] --END-- [ RunTime:0.000220s ]
INFO: [ view_parse ] --START--
INFO: Run Behavior\ParseTemplateBehavior [ RunTime:0.000073s ]
INFO: [ view_parse ] --END-- [ RunTime:0.000090s ]
INFO: [ view_filter ] --START--
INFO: Run Behavior\WriteHtmlCacheBehavior [ RunTime:0.000065s ]
INFO: [ view_filter ] --END-- [ RunTime:0.000077s ]
SQL: SHOW COLUMNS FROM `user` [ RunTime:0.0038s ]
SQL: SELECT * FROM `user`  [ RunTime:0.0021s ]
INFO: [ app_end ] --START--
INFO: Run Behavior\ShowPageTraceBehavior [ RunTime:0.000298s ]
INFO: [ app_end ] --END-- [ RunTime:0.000317s ]

[ 2016-08-11T09:22:42+08:00 ] 127.0.0.1 /thinkphp/index.php?_ijt=5ivt6gvuuuh7vdckja193bskqa
INFO: [ app_init ] --START--
INFO: Run Behavior\BuildLiteBehavior [ RunTime:0.000005s ]
INFO: [ app_init ] --END-- [ RunTime:0.000160s ]
INFO: [ app_begin ] --START--
INFO: Run Behavior\ReadHtmlCacheBehavior [ RunTime:0.000198s ]
INFO: [ app_begin ] --END-- [ RunTime:0.000216s ]
INFO: [ view_parse ] --START--
INFO: Run Behavior\ParseTemplateBehavior [ RunTime:0.000081s ]
INFO: [ view_parse ] --END-- [ RunTime:0.000097s ]
INFO: [ view_filter ] --START--
INFO: Run Behavior\WriteHtmlCacheBehavior [ RunTime:0.000065s ]
INFO: [ view_filter ] --END-- [ RunTime:0.000076s ]
SQL: SHOW COLUMNS FROM `user` [ RunTime:0.0028s ]
SQL: SELECT * FROM `user`  [ RunTime:0.0014s ]
NOTIC: [8] Array to string conversion /Applications/XAMPP/xamppfiles/htdocs/thinkphp/Application/Home/Controller/IndexController.class.php 第 12 行.
INFO: [ app_end ] --START--
INFO: Run Behavior\ShowPageTraceBehavior [ RunTime:0.000337s ]
INFO: [ app_end ] --END-- [ RunTime:0.000357s ]

[ 2016-08-11T09:23:20+08:00 ] 127.0.0.1 /thinkphp/index.php?_ijt=5ivt6gvuuuh7vdckja193bskqa
INFO: [ app_init ] --START--
INFO: Run Behavior\BuildLiteBehavior [ RunTime:0.000006s ]
INFO: [ app_init ] --END-- [ RunTime:0.000167s ]
INFO: [ app_begin ] --START--
INFO: Run Behavior\ReadHtmlCacheBehavior [ RunTime:0.000193s ]
INFO: [ app_begin ] --END-- [ RunTime:0.000210s ]
INFO: [ view_parse ] --START--
INFO: Run Behavior\ParseTemplateBehavior [ RunTime:0.000067s ]
INFO: [ view_parse ] --END-- [ RunTime:0.000083s ]
INFO: [ view_filter ] --START--
INFO: Run Behavior\WriteHtmlCacheBehavior [ RunTime:0.000064s ]
INFO: [ view_filter ] --END-- [ RunTime:0.000076s ]
SQL: SHOW COLUMNS FROM `user` [ RunTime:0.0018s ]
SQL: SELECT * FROM `user`  [ RunTime:0.0010s ]
NOTIC: [8] Array to string conversion /Applications/XAMPP/xamppfiles/htdocs/thinkphp/Application/Home/Controller/IndexController.class.php 第 13 行.
INFO: [ app_end ] --START--
INFO: Run Behavior\ShowPageTraceBehavior [ RunTime:0.000319s ]
INFO: [ app_end ] --END-- [ RunTime:0.000356s ]

[ 2016-08-11T13:35:37+08:00 ] 127.0.0.1 /thinkphp/index.php?_ijt=d8bl7cat49bpp0fpvurqm4qpqv
INFO: [ app_init ] --START--
INFO: Run Behavior\BuildLiteBehavior [ RunTime:0.000006s ]
INFO: [ app_init ] --END-- [ RunTime:0.000580s ]
INFO: [ app_begin ] --START--
INFO: Run Behavior\ReadHtmlCacheBehavior [ RunTime:0.009497s ]
INFO: [ app_begin ] --END-- [ RunTime:0.009529s ]
INFO: [ view_parse ] --START--
INFO: Run Behavior\ParseTemplateBehavior [ RunTime:0.001694s ]
INFO: [ view_parse ] --END-- [ RunTime:0.001721s ]
INFO: [ view_filter ] --START--
INFO: Run Behavior\WriteHtmlCacheBehavior [ RunTime:0.000796s ]
INFO: [ view_filter ] --END-- [ RunTime:0.000816s ]
SQL: SHOW COLUMNS FROM `user` [ RunTime:0.0019s ]
SQL: SELECT * FROM `user`  [ RunTime:0.0008s ]
INFO: [ app_end ] --START--
INFO: Run Behavior\ShowPageTraceBehavior [ RunTime:0.001177s ]
INFO: [ app_end ] --END-- [ RunTime:0.001198s ]

[ 2016-08-11T13:46:04+08:00 ] ::1 /thinkphp/
INFO: [ app_init ] --START--
INFO: Run Behavior\BuildLiteBehavior [ RunTime:0.000011s ]
INFO: [ app_init ] --END-- [ RunTime:0.030275s ]
INFO: [ app_begin ] --START--
INFO: Run Behavior\ReadHtmlCacheBehavior [ RunTime:0.000475s ]
INFO: [ app_begin ] --END-- [ RunTime:0.000512s ]
NOTIC: [2] session_start(): open(/Applications/XAMPP/xamppfiles/temp//sess_luo7fejaingct88v3j07fj8p10, O_RDWR) failed: Permission denied (13) /Applications/XAMPP/xamppfiles/htdocs/thinkphp/ThinkPHP/Common/functions.php 第 1263 行.
INFO: [ view_parse ] --START--
INFO: Run Behavior\ParseTemplateBehavior [ RunTime:0.000250s ]
INFO: [ view_parse ] --END-- [ RunTime:0.000283s ]
INFO: [ view_filter ] --START--
INFO: Run Behavior\WriteHtmlCacheBehavior [ RunTime:0.017044s ]
INFO: [ view_filter ] --END-- [ RunTime:0.017078s ]
SQL: SHOW COLUMNS FROM `user` [ RunTime:0.0091s ]
SQL: SELECT * FROM `user`  [ RunTime:0.0009s ]
INFO: [ app_end ] --START--
INFO: Run Behavior\ShowPageTraceBehavior [ RunTime:0.015483s ]
INFO: [ app_end ] --END-- [ RunTime:0.015515s ]

[ 2016-08-11T13:46:43+08:00 ] ::1 /thinkphp/index.php
INFO: [ app_init ] --START--
INFO: Run Behavior\BuildLiteBehavior [ RunTime:0.000009s ]
INFO: [ app_init ] --END-- [ RunTime:0.000268s ]
INFO: [ app_begin ] --START--
INFO: Run Behavior\ReadHtmlCacheBehavior [ RunTime:0.000225s ]
INFO: [ app_begin ] --END-- [ RunTime:0.000261s ]
NOTIC: [2] session_start(): open(/Applications/XAMPP/xamppfiles/temp//sess_luo7fejaingct88v3j07fj8p10, O_RDWR) failed: Permission denied (13) /Applications/XAMPP/xamppfiles/htdocs/thinkphp/ThinkPHP/Common/functions.php 第 1263 行.
INFO: [ view_parse ] --START--
INFO: Run Behavior\ParseTemplateBehavior [ RunTime:0.000103s ]
INFO: [ view_parse ] --END-- [ RunTime:0.000123s ]
INFO: [ view_filter ] --START--
INFO: Run Behavior\WriteHtmlCacheBehavior [ RunTime:0.000087s ]
INFO: [ view_filter ] --END-- [ RunTime:0.000099s ]
SQL: SHOW COLUMNS FROM `user` [ RunTime:0.0014s ]
SQL: SELECT * FROM `user`  [ RunTime:0.0006s ]
INFO: [ app_end ] --START--
INFO: Run Behavior\ShowPageTraceBehavior [ RunTime:0.000318s ]
INFO: [ app_end ] --END-- [ RunTime:0.000338s ]

[ 2016-08-11T13:47:03+08:00 ] ::1 /thinkphp/index.php/home
INFO: [ app_init ] --START--
INFO: Run Behavior\BuildLiteBehavior [ RunTime:0.000008s ]
INFO: [ app_init ] --END-- [ RunTime:0.000202s ]
INFO: [ app_begin ] --START--
INFO: Run Behavior\ReadHtmlCacheBehavior [ RunTime:0.000209s ]
INFO: [ app_begin ] --END-- [ RunTime:0.000227s ]
NOTIC: [2] session_start(): open(/Applications/XAMPP/xamppfiles/temp//sess_luo7fejaingct88v3j07fj8p10, O_RDWR) failed: Permission denied (13) /Applications/XAMPP/xamppfiles/htdocs/thinkphp/ThinkPHP/Common/functions.php 第 1263 行.
INFO: [ view_parse ] --START--
INFO: Run Behavior\ParseTemplateBehavior [ RunTime:0.000100s ]
INFO: [ view_parse ] --END-- [ RunTime:0.000122s ]
INFO: [ view_filter ] --START--
INFO: Run Behavior\WriteHtmlCacheBehavior [ RunTime:0.000081s ]
INFO: [ view_filter ] --END-- [ RunTime:0.000094s ]
SQL: SHOW COLUMNS FROM `user` [ RunTime:0.0014s ]
SQL: SELECT * FROM `user`  [ RunTime:0.0011s ]
INFO: [ app_end ] --START--
INFO: Run Behavior\ShowPageTraceBehavior [ RunTime:0.000436s ]
INFO: [ app_end ] --END-- [ RunTime:0.000461s ]

[ 2016-08-11T13:47:14+08:00 ] ::1 /thinkphp/index.php/home/controller
INFO: [ app_init ] --START--
INFO: Run Behavior\BuildLiteBehavior [ RunTime:0.000006s ]
INFO: [ app_init ] --END-- [ RunTime:0.000164s ]
INFO: [ app_begin ] --START--
INFO: Run Behavior\ReadHtmlCacheBehavior [ RunTime:0.000240s ]
INFO: [ app_begin ] --END-- [ RunTime:0.000263s ]
NOTIC: [2] session_start(): open(/Applications/XAMPP/xamppfiles/temp//sess_luo7fejaingct88v3j07fj8p10, O_RDWR) failed: Permission denied (13) /Applications/XAMPP/xamppfiles/htdocs/thinkphp/ThinkPHP/Common/functions.php 第 1263 行.
ERR: 无法加载控制器:Controller

[ 2016-08-11T13:47:54+08:00 ] ::1 /thinkphp/index.php/home/controller/indexController/index
INFO: [ app_init ] --START--
INFO: Run Behavior\BuildLiteBehavior [ RunTime:0.000009s ]
INFO: [ app_init ] --END-- [ RunTime:0.000242s ]
INFO: [ app_begin ] --START--
INFO: Run Behavior\ReadHtmlCacheBehavior [ RunTime:0.000245s ]
INFO: [ app_begin ] --END-- [ RunTime:0.000267s ]
NOTIC: [2] session_start(): open(/Applications/XAMPP/xamppfiles/temp//sess_luo7fejaingct88v3j07fj8p10, O_RDWR) failed: Permission denied (13) /Applications/XAMPP/xamppfiles/htdocs/thinkphp/ThinkPHP/Common/functions.php 第 1263 行.
ERR: 无法加载控制器:Controller

[ 2016-08-11T15:57:09+08:00 ] 127.0.0.1 /thinkphp/index.php?_ijt=ahfnvmjs5gldq48delaki1belb
INFO: [ app_init ] --START--
INFO: Run Behavior\BuildLiteBehavior [ RunTime:0.000006s ]
INFO: [ app_init ] --END-- [ RunTime:0.000366s ]
INFO: [ app_begin ] --START--
INFO: Run Behavior\ReadHtmlCacheBehavior [ RunTime:0.000496s ]
INFO: [ app_begin ] --END-- [ RunTime:0.000526s ]
INFO: [ view_parse ] --START--
INFO: Run Behavior\ParseTemplateBehavior [ RunTime:0.000385s ]
INFO: [ view_parse ] --END-- [ RunTime:0.000418s ]
INFO: [ view_filter ] --START--
INFO: Run Behavior\WriteHtmlCacheBehavior [ RunTime:0.000350s ]
INFO: [ view_filter ] --END-- [ RunTime:0.000375s ]
SQL: SHOW COLUMNS FROM `user` [ RunTime:0.0017s ]
ERR: 1054:Unknown column 'id' in 'where clause'
 [ SQL语句 ] : SELECT * FROM `user` WHERE ( id=1 ) 
ERR: 1054:Unknown column 'id' in 'where clause'
 [ SQL语句 ] : SELECT * FROM `user` WHERE ( id=1 ) 

[ 2016-08-11T15:57:34+08:00 ] 127.0.0.1 /thinkphp/index.php?_ijt=ahfnvmjs5gldq48delaki1belb
INFO: [ app_init ] --START--
INFO: Run Behavior\BuildLiteBehavior [ RunTime:0.000006s ]
INFO: [ app_init ] --END-- [ RunTime:0.000162s ]
INFO: [ app_begin ] --START--
INFO: Run Behavior\ReadHtmlCacheBehavior [ RunTime:0.000198s ]
INFO: [ app_begin ] --END-- [ RunTime:0.000216s ]
INFO: [ view_parse ] --START--
INFO: Run Behavior\ParseTemplateBehavior [ RunTime:0.000070s ]
INFO: [ view_parse ] --END-- [ RunTime:0.000087s ]
INFO: [ view_filter ] --START--
INFO: Run Behavior\WriteHtmlCacheBehavior [ RunTime:0.000066s ]
INFO: [ view_filter ] --END-- [ RunTime:0.000077s ]
SQL: SHOW COLUMNS FROM `user` [ RunTime:0.0014s ]
SQL: SELECT * FROM `user` WHERE ( user_id=1 )  [ RunTime:0.0010s ]
INFO: [ app_end ] --START--
INFO: Run Behavior\ShowPageTraceBehavior [ RunTime:0.017482s ]
INFO: [ app_end ] --END-- [ RunTime:0.017516s ]

[ 2016-08-11T16:06:41+08:00 ] 127.0.0.1 /thinkphp/index.php?_ijt=67om5a7shp06ik3agh9ig2loj5
INFO: [ app_init ] --START--
INFO: Run Behavior\BuildLiteBehavior [ RunTime:0.000007s ]
INFO: [ app_init ] --END-- [ RunTime:0.000194s ]
INFO: [ app_begin ] --START--
INFO: Run Behavior\ReadHtmlCacheBehavior [ RunTime:0.000215s ]
INFO: [ app_begin ] --END-- [ RunTime:0.000233s ]
INFO: [ view_parse ] --START--
INFO: Run Behavior\ParseTemplateBehavior [ RunTime:0.000095s ]
INFO: [ view_parse ] --END-- [ RunTime:0.000112s ]
INFO: [ view_filter ] --START--
INFO: Run Behavior\WriteHtmlCacheBehavior [ RunTime:0.000074s ]
INFO: [ view_filter ] --END-- [ RunTime:0.000086s ]
SQL: SHOW COLUMNS FROM `user` [ RunTime:0.0021s ]
SQL: INSERT INTO `user` (`name`,`password`) VALUES ('evan','e10adc3949ba59abbe56e057f20f883e') [ RunTime:0.0031s ]
ERR: 1054:Unknown column 'evan' in 'where clause'
 [ SQL语句 ] : SELECT * FROM `user` WHERE ( name=evan ) 
ERR: 1054:Unknown column 'evan' in 'where clause'
 [ SQL语句 ] : SELECT * FROM `user` WHERE ( name=evan ) 

[ 2016-08-11T16:08:56+08:00 ] 127.0.0.1 /thinkphp/index.php?_ijt=67om5a7shp06ik3agh9ig2loj5
INFO: [ app_init ] --START--
INFO: Run Behavior\BuildLiteBehavior [ RunTime:0.000005s ]
INFO: [ app_init ] --END-- [ RunTime:0.000168s ]
INFO: [ app_begin ] --START--
INFO: Run Behavior\ReadHtmlCacheBehavior [ RunTime:0.000209s ]
INFO: [ app_begin ] --END-- [ RunTime:0.000227s ]
INFO: [ view_parse ] --START--
INFO: Run Behavior\ParseTemplateBehavior [ RunTime:0.000085s ]
INFO: [ view_parse ] --END-- [ RunTime:0.000103s ]
INFO: [ view_filter ] --START--
INFO: Run Behavior\WriteHtmlCacheBehavior [ RunTime:0.000082s ]
INFO: [ view_filter ] --END-- [ RunTime:0.000094s ]
SQL: SHOW COLUMNS FROM `user` [ RunTime:0.0017s ]
ERR: 1062:Duplicate entry '0' for key 'PRIMARY'
 [ SQL语句 ] : INSERT INTO `user` (`name`,`password`) VALUES ('evan','e10adc3949ba59abbe56e057f20f883e')
ERR: 1062:Duplicate entry '0' for key 'PRIMARY'
 [ SQL语句 ] : INSERT INTO `user` (`name`,`password`) VALUES ('evan','e10adc3949ba59abbe56e057f20f883e')

[ 2016-08-11T16:13:01+08:00 ] 127.0.0.1 /thinkphp/index.php?_ijt=67om5a7shp06ik3agh9ig2loj5
INFO: [ app_init ] --START--
INFO: Run Behavior\BuildLiteBehavior [ RunTime:0.000005s ]
INFO: [ app_init ] --END-- [ RunTime:0.000170s ]
INFO: [ app_begin ] --START--
INFO: Run Behavior\ReadHtmlCacheBehavior [ RunTime:0.000223s ]
INFO: [ app_begin ] --END-- [ RunTime:0.000242s ]
INFO: [ view_parse ] --START--
INFO: Run Behavior\ParseTemplateBehavior [ RunTime:0.000087s ]
INFO: [ view_parse ] --END-- [ RunTime:0.000106s ]
INFO: [ view_filter ] --START--
INFO: Run Behavior\WriteHtmlCacheBehavior [ RunTime:0.000078s ]
INFO: [ view_filter ] --END-- [ RunTime:0.000091s ]
SQL: SHOW COLUMNS FROM `user` [ RunTime:0.0017s ]
SQL: INSERT INTO `user` (`name`,`password`) VALUES ('evan','e10adc3949ba59abbe56e057f20f883e') [ RunTime:0.0029s ]
INFO: [ app_end ] --START--
INFO: Run Behavior\ShowPageTraceBehavior [ RunTime:0.000333s ]
INFO: [ app_end ] --END-- [ RunTime:0.000352s ]

[ 2016-08-11T16:15:25+08:00 ] 127.0.0.1 /thinkphp/index.php?_ijt=67om5a7shp06ik3agh9ig2loj5
INFO: [ app_init ] --START--
INFO: Run Behavior\BuildLiteBehavior [ RunTime:0.000007s ]
INFO: [ app_init ] --END-- [ RunTime:0.000182s ]
INFO: [ app_begin ] --START--
INFO: Run Behavior\ReadHtmlCacheBehavior [ RunTime:0.000289s ]
INFO: [ app_begin ] --END-- [ RunTime:0.000318s ]
INFO: [ view_parse ] --START--
INFO: Run Behavior\ParseTemplateBehavior [ RunTime:0.000101s ]
INFO: [ view_parse ] --END-- [ RunTime:0.000122s ]
INFO: [ view_filter ] --START--
INFO: Run Behavior\WriteHtmlCacheBehavior [ RunTime:0.000089s ]
INFO: [ view_filter ] --END-- [ RunTime:0.000104s ]
SQL: SHOW COLUMNS FROM `user` [ RunTime:0.0061s ]
SQL: INSERT INTO `user` (`name`,`password`) VALUES ('james','e10adc3949ba59abbe56e057f20f883e') [ RunTime:0.0073s ]
INFO: [ app_end ] --START--
INFO: Run Behavior\ShowPageTraceBehavior [ RunTime:0.000356s ]
INFO: [ app_end ] --END-- [ RunTime:0.000377s ]

